<?xml version="1.0" encoding="UTF-8"?>
<!--
To change this license header, choose License Headers in Project Properties.
To change this template file, choose Tools | Templates
and open the template in the editor.
-->
<persistence version="2.1" xmlns="http://xmlns.jcp.org/xml/ns/persistence"
             xmlns:xsi="http://www.w3.org/2001/XMLSchema-instance"
             xsi:schemaLocation="http://xmlns.jcp.org/xml/ns/persistence
http://xmlns.jcp.org/xml/ns/persistence/persistence_2_1.xsd">
    <persistence-unit name="com.mycompany_Poradnia-ejb_ejb_1.0-SNAPSHOTPU" transaction-type="JTA">
        <jta-data-source>jdbc/testdb</jta-data-source>
        <properties>
            <property name="javax.persistence.schema-generation.database.action" value="create"/>
        </properties>
    </persistence-unit>
</persistence>